{
  "RSpec": {
    "coverage": {
      "/Users/andygout/Documents/projects/movie_snaps/app/models/user.rb": [
        1,
        null,
        null,
        1,
        null,
        null,
        null,
        1,
        1,
        1,
        1,
        1,
        null,
        1,
        2,
        2,
        2,
        2,
        2,
        null,
        null,
        null,
        null
      ],
      "/Users/andygout/Documents/projects/movie_snaps/app/helpers/application_helper.rb": [
        1,
        null
      ],
      "/Users/andygout/Documents/projects/movie_snaps/app/helpers/comments_helper.rb": [
        1,
        null
      ],
      "/Users/andygout/Documents/projects/movie_snaps/app/helpers/dashboards_helper.rb": [
        1,
        null
      ],
      "/Users/andygout/Documents/projects/movie_snaps/app/helpers/likes_helper.rb": [
        1,
        null
      ],
      "/Users/andygout/Documents/projects/movie_snaps/app/helpers/locations_helper.rb": [
        1,
        null
      ],
      "/Users/andygout/Documents/projects/movie_snaps/app/helpers/movies_helper.rb": [
        1,
        null
      ],
      "/Users/andygout/Documents/projects/movie_snaps/app/helpers/photos_helper.rb": [
        1,
        null
      ],
      "/Users/andygout/Documents/projects/movie_snaps/app/helpers/scenes_helper.rb": [
        1,
        null
      ],
      "/Users/andygout/Documents/projects/movie_snaps/app/helpers/users_helper.rb": [
        1,
        null
      ],
      "/Users/andygout/Documents/projects/movie_snaps/app/helpers/visits_helper.rb": [
        1,
        null
      ],
      "/Users/andygout/Documents/projects/movie_snaps/app/helpers/welcome_helper.rb": [
        1,
        null
      ],
      "/Users/andygout/Documents/projects/movie_snaps/app/models/visit.rb": [
        1,
        null,
        1,
        1,
        1,
        1,
        null,
        80,
        1,
        null,
        null
      ],
      "/Users/andygout/Documents/projects/movie_snaps/app/models/comment.rb": [
        1,
        null,
        1,
        1,
        null,
        1,
        null,
        null
      ],
      "/Users/andygout/Documents/projects/movie_snaps/app/models/like.rb": [
        1,
        null,
        1,
        1,
        null,
        null
      ],
      "/Users/andygout/Documents/projects/movie_snaps/app/models/location.rb": [
        1,
        null,
        1,
        1,
        null,
        null
      ],
      "/Users/andygout/Documents/projects/movie_snaps/app/models/photo.rb": [
        1,
        null,
        1,
        1,
        1,
        null,
        1,
        1,
        null,
        null
      ],
      "/Users/andygout/Documents/projects/movie_snaps/app/models/scene.rb": [
        1,
        null,
        1,
        1,
        1,
        null,
        1,
        1,
        null,
        null
      ],
      "/Users/andygout/Documents/projects/movie_snaps/app/models/movie.rb": [
        1,
        null,
        1,
        null,
        null
      ],
      "/Users/andygout/Documents/projects/movie_snaps/app/controllers/welcome_controller.rb": [
        1,
        null,
        1,
        105,
        105,
        105,
        105,
        105,
        null,
        null,
        null
      ],
      "/Users/andygout/Documents/projects/movie_snaps/app/controllers/application_controller.rb": [
        1,
        null,
        null,
        1,
        null
      ],
      "/Users/andygout/Documents/projects/movie_snaps/app/controllers/users_controller.rb": [
        1,
        null,
        1,
        21,
        21,
        21,
        null,
        null,
        1,
        null,
        null,
        1,
        46,
        46,
        null,
        null,
        null
      ],
      "/Users/andygout/Documents/projects/movie_snaps/app/controllers/comments_controller.rb": [
        1,
        null,
        1,
        2,
        2,
        2,
        2,
        2,
        null,
        null,
        1,
        2,
        null,
        null
      ],
      "/Users/andygout/Documents/projects/movie_snaps/app/controllers/movies_controller.rb": [
        1,
        null,
        1,
        0,
        0,
        0,
        0,
        0,
        null,
        null,
        1,
        null,
        null,
        1,
        19,
        19,
        null,
        null,
        1,
        26,
        26,
        null,
        null,
        null
      ],
      "/Users/andygout/Documents/projects/movie_snaps/app/controllers/locations_controller.rb": [
        1,
        null,
        1,
        null,
        null,
        1,
        14,
        14,
        null,
        null,
        1,
        394,
        394,
        null,
        null,
        null
      ],
      "/Users/andygout/Documents/projects/movie_snaps/app/controllers/dashboards_controller.rb": [
        1,
        null,
        1,
        2,
        null,
        1,
        1,
        1,
        1,
        1,
        0,
        0,
        0,
        null,
        null,
        1,
        1,
        1,
        1,
        1,
        null,
        null,
        null,
        2,
        null,
        1,
        0,
        null,
        null,
        1,
        1,
        1,
        1,
        1,
        0,
        0,
        0,
        null,
        null,
        1,
        1,
        1,
        1,
        1,
        null,
        null,
        null,
        1,
        1,
        1,
        1,
        1,
        1,
        1,
        1,
        1,
        0,
        0,
        0,
        null,
        null,
        1,
        null,
        null,
        null,
        null,
        null,
        null,
        null,
        null
      ],
      "/Users/andygout/Documents/projects/movie_snaps/app/controllers/likes_controller.rb": [
        1,
        null,
        1,
        8,
        8,
        8,
        null,
        null,
        null
      ],
      "/Users/andygout/Documents/projects/movie_snaps/app/controllers/scenes_controller.rb": [
        1,
        null,
        1,
        9,
        9,
        null,
        null,
        1,
        23,
        1,
        1,
        null,
        null,
        null,
        1,
        0,
        0,
        0,
        0,
        0,
        0,
        0,
        0,
        null,
        null,
        1,
        0,
        0,
        0,
        0,
        0,
        0,
        0,
        0,
        null,
        null,
        null
      ],
      "/Users/andygout/Documents/projects/movie_snaps/app/controllers/visits_controller.rb": [
        1,
        null,
        1,
        2,
        2,
        null,
        null,
        1,
        6,
        6,
        6,
        6,
        6,
        6,
        null,
        null,
        1,
        2,
        2,
        2,
        null,
        null,
        1,
        2,
        null,
        null,
        1,
        2,
        null,
        null,
        null
      ],
      "/Users/andygout/Documents/projects/movie_snaps/app/controllers/users/omniauth_callbacks_controller.rb": [
        1,
        null,
        1,
        null,
        2,
        2,
        2,
        2,
        null,
        0,
        0,
        null,
        null,
        null
      ]
    },
    "timestamp": 1440536241
  }
}
